0 info it worked if it ends with ok
1 verbose cli [ '/usr/local/bin/node',
1 verbose cli   '/usr/local/bin/npm',
1 verbose cli   'install',
1 verbose cli   '-g',
1 verbose cli   'eslint-config-airbnb-base',
1 verbose cli   'eslint@^3.19.#',
1 verbose cli   'eslint-plugin-import@^2.2.0' ]
2 info using npm@3.10.10
3 info using node@v6.9.4
4 silly loadCurrentTree Starting
5 silly install loadCurrentTree
6 silly install readGlobalPackageData
7 silly fetchPackageMetaData eslint-config-airbnb-base
8 silly fetchPackageMetaData eslint@^3.19.#
9 silly fetchPackageMetaData eslint-plugin-import@^2.2.0
10 silly fetchNamedPackageData eslint-plugin-import
11 silly mapToRegistry name eslint-plugin-import
12 silly mapToRegistry using default registry
13 silly mapToRegistry registry https://registry.npmjs.org/
14 silly mapToRegistry data Result {
14 silly mapToRegistry   raw: 'eslint-plugin-import',
14 silly mapToRegistry   scope: null,
14 silly mapToRegistry   escapedName: 'eslint-plugin-import',
14 silly mapToRegistry   name: 'eslint-plugin-import',
14 silly mapToRegistry   rawSpec: '',
14 silly mapToRegistry   spec: 'latest',
14 silly mapToRegistry   type: 'tag' }
15 silly mapToRegistry uri https://registry.npmjs.org/eslint-plugin-import
16 silly fetchNamedPackageData eslint-config-airbnb-base
17 silly mapToRegistry name eslint-config-airbnb-base
18 silly mapToRegistry using default registry
19 silly mapToRegistry registry https://registry.npmjs.org/
20 silly mapToRegistry data Result {
20 silly mapToRegistry   raw: 'eslint-config-airbnb-base',
20 silly mapToRegistry   scope: null,
20 silly mapToRegistry   escapedName: 'eslint-config-airbnb-base',
20 silly mapToRegistry   name: 'eslint-config-airbnb-base',
20 silly mapToRegistry   rawSpec: '',
20 silly mapToRegistry   spec: 'latest',
20 silly mapToRegistry   type: 'tag' }
21 silly mapToRegistry uri https://registry.npmjs.org/eslint-config-airbnb-base
22 silly fetchNamedPackageData eslint
23 silly mapToRegistry name eslint
24 silly mapToRegistry using default registry
25 silly mapToRegistry registry https://registry.npmjs.org/
26 silly mapToRegistry data Result {
26 silly mapToRegistry   raw: 'eslint',
26 silly mapToRegistry   scope: null,
26 silly mapToRegistry   escapedName: 'eslint',
26 silly mapToRegistry   name: 'eslint',
26 silly mapToRegistry   rawSpec: '',
26 silly mapToRegistry   spec: 'latest',
26 silly mapToRegistry   type: 'tag' }
27 silly mapToRegistry uri https://registry.npmjs.org/eslint
28 verbose request uri https://registry.npmjs.org/eslint-plugin-import
29 verbose request no auth needed
30 info attempt registry request try #1 at 4:43:14 PM
31 verbose request id 84fd6297e7f6f897
32 verbose etag W/"591fe618-2cb2e"
33 verbose lastModified Sat, 20 May 2017 06:45:44 GMT
34 http request GET https://registry.npmjs.org/eslint-plugin-import
35 verbose request uri https://registry.npmjs.org/eslint-config-airbnb-base
36 verbose request no auth needed
37 info attempt registry request try #1 at 4:43:14 PM
38 verbose etag W/"5918eeff-fc49"
39 verbose lastModified Sun, 14 May 2017 23:57:51 GMT
40 http request GET https://registry.npmjs.org/eslint-config-airbnb-base
41 verbose request uri https://registry.npmjs.org/eslint
42 verbose request no auth needed
43 info attempt registry request try #1 at 4:43:14 PM
44 verbose etag W/"591fe74a-707b3"
45 verbose lastModified Sat, 20 May 2017 06:50:50 GMT
46 http request GET https://registry.npmjs.org/eslint
47 http 304 https://registry.npmjs.org/eslint
48 verbose headers { date: 'Sun, 21 May 2017 20:43:14 GMT',
48 verbose headers   via: '1.1 varnish',
48 verbose headers   'cache-control': 'max-age=300',
48 verbose headers   etag: 'W/"591fe74a-707b3"',
48 verbose headers   age: '177',
48 verbose headers   connection: 'keep-alive',
48 verbose headers   'x-served-by': 'cache-fra1228-FRA',
48 verbose headers   'x-cache': 'HIT',
48 verbose headers   'x-cache-hits': '2',
48 verbose headers   'x-timer': 'S1495399395.746487,VS0,VE0',
48 verbose headers   vary: 'Accept-Encoding' }
49 silly get cb [ 304,
49 silly get   { date: 'Sun, 21 May 2017 20:43:14 GMT',
49 silly get     via: '1.1 varnish',
49 silly get     'cache-control': 'max-age=300',
49 silly get     etag: 'W/"591fe74a-707b3"',
49 silly get     age: '177',
49 silly get     connection: 'keep-alive',
49 silly get     'x-served-by': 'cache-fra1228-FRA',
49 silly get     'x-cache': 'HIT',
49 silly get     'x-cache-hits': '2',
49 silly get     'x-timer': 'S1495399395.746487,VS0,VE0',
49 silly get     vary: 'Accept-Encoding' } ]
50 verbose etag https://registry.npmjs.org/eslint from cache
51 verbose get saving eslint to /Users/robinhamill/.npm/registry.npmjs.org/eslint/.cache.json
52 verbose correctMkdir /Users/robinhamill/.npm correctMkdir not in flight; initializing
53 http 304 https://registry.npmjs.org/eslint-config-airbnb-base
54 verbose headers { date: 'Sun, 21 May 2017 20:43:14 GMT',
54 verbose headers   via: '1.1 varnish',
54 verbose headers   'cache-control': 'max-age=300',
54 verbose headers   etag: 'W/"5918eeff-fc49"',
54 verbose headers   age: '178',
54 verbose headers   connection: 'keep-alive',
54 verbose headers   'x-served-by': 'cache-fra1238-FRA',
54 verbose headers   'x-cache': 'HIT',
54 verbose headers   'x-cache-hits': '30',
54 verbose headers   'x-timer': 'S1495399395.755444,VS0,VE0',
54 verbose headers   vary: 'Accept-Encoding' }
55 silly get cb [ 304,
55 silly get   { date: 'Sun, 21 May 2017 20:43:14 GMT',
55 silly get     via: '1.1 varnish',
55 silly get     'cache-control': 'max-age=300',
55 silly get     etag: 'W/"5918eeff-fc49"',
55 silly get     age: '178',
55 silly get     connection: 'keep-alive',
55 silly get     'x-served-by': 'cache-fra1238-FRA',
55 silly get     'x-cache': 'HIT',
55 silly get     'x-cache-hits': '30',
55 silly get     'x-timer': 'S1495399395.755444,VS0,VE0',
55 silly get     vary: 'Accept-Encoding' } ]
56 verbose etag https://registry.npmjs.org/eslint-config-airbnb-base from cache
57 verbose get saving eslint-config-airbnb-base to /Users/robinhamill/.npm/registry.npmjs.org/eslint-config-airbnb-base/.cache.json
58 verbose correctMkdir /Users/robinhamill/.npm correctMkdir already in flight; waiting
59 http 304 https://registry.npmjs.org/eslint-plugin-import
60 verbose headers { date: 'Sun, 21 May 2017 20:43:14 GMT',
60 verbose headers   via: '1.1 varnish',
60 verbose headers   'cache-control': 'max-age=300',
60 verbose headers   etag: 'W/"591fe618-2cb2e"',
60 verbose headers   age: '69',
60 verbose headers   connection: 'keep-alive',
60 verbose headers   'x-served-by': 'cache-fra1250-FRA',
60 verbose headers   'x-cache': 'HIT',
60 verbose headers   'x-cache-hits': '1',
60 verbose headers   'x-timer': 'S1495399395.749915,VS0,VE7',
60 verbose headers   vary: 'Accept-Encoding' }
61 silly get cb [ 304,
61 silly get   { date: 'Sun, 21 May 2017 20:43:14 GMT',
61 silly get     via: '1.1 varnish',
61 silly get     'cache-control': 'max-age=300',
61 silly get     etag: 'W/"591fe618-2cb2e"',
61 silly get     age: '69',
61 silly get     connection: 'keep-alive',
61 silly get     'x-served-by': 'cache-fra1250-FRA',
61 silly get     'x-cache': 'HIT',
61 silly get     'x-cache-hits': '1',
61 silly get     'x-timer': 'S1495399395.749915,VS0,VE7',
61 silly get     vary: 'Accept-Encoding' } ]
62 verbose etag https://registry.npmjs.org/eslint-plugin-import from cache
63 verbose get saving eslint-plugin-import to /Users/robinhamill/.npm/registry.npmjs.org/eslint-plugin-import/.cache.json
64 verbose correctMkdir /Users/robinhamill/.npm correctMkdir already in flight; waiting
65 silly fetchNamedPackageData No valid target from cache, forcing network
66 verbose request uri https://registry.npmjs.org/eslint
67 verbose request no auth needed
68 info attempt registry request try #1 at 4:43:14 PM
69 http request GET https://registry.npmjs.org/eslint
70 http 200 https://registry.npmjs.org/eslint
71 verbose headers { server: 'nginx/1.10.1',
71 verbose headers   'content-type': 'application/json',
71 verbose headers   'last-modified': 'Sat, 20 May 2017 06:50:50 GMT',
71 verbose headers   etag: 'W/"591fe74a-707b3"',
71 verbose headers   'content-encoding': 'gzip',
71 verbose headers   'cache-control': 'max-age=300',
71 verbose headers   'content-length': '27794',
71 verbose headers   'accept-ranges': 'bytes',
71 verbose headers   date: 'Sun, 21 May 2017 20:43:14 GMT',
71 verbose headers   via: '1.1 varnish',
71 verbose headers   age: '177',
71 verbose headers   connection: 'keep-alive',
71 verbose headers   'x-served-by': 'cache-fra1228-FRA',
71 verbose headers   'x-cache': 'HIT',
71 verbose headers   'x-cache-hits': '3',
71 verbose headers   'x-timer': 'S1495399395.924750,VS0,VE0',
71 verbose headers   vary: 'Accept-Encoding' }
72 silly get cb [ 200,
72 silly get   { server: 'nginx/1.10.1',
72 silly get     'content-type': 'application/json',
72 silly get     'last-modified': 'Sat, 20 May 2017 06:50:50 GMT',
72 silly get     etag: 'W/"591fe74a-707b3"',
72 silly get     'content-encoding': 'gzip',
72 silly get     'cache-control': 'max-age=300',
72 silly get     'content-length': '27794',
72 silly get     'accept-ranges': 'bytes',
72 silly get     date: 'Sun, 21 May 2017 20:43:14 GMT',
72 silly get     via: '1.1 varnish',
72 silly get     age: '177',
72 silly get     connection: 'keep-alive',
72 silly get     'x-served-by': 'cache-fra1228-FRA',
72 silly get     'x-cache': 'HIT',
72 silly get     'x-cache-hits': '3',
72 silly get     'x-timer': 'S1495399395.924750,VS0,VE0',
72 silly get     vary: 'Accept-Encoding' } ]
73 verbose get saving eslint to /Users/robinhamill/.npm/registry.npmjs.org/eslint/.cache.json
74 verbose correctMkdir /Users/robinhamill/.npm correctMkdir not in flight; initializing
75 silly fetchPackageMetaData Error: No compatible version found: eslint@^3.19.#
75 silly fetchPackageMetaData Valid install targets:
75 silly fetchPackageMetaData 4.0.0-beta.0, 4.0.0-alpha.2, 4.0.0-alpha.1, 4.0.0-alpha.0, 3.19.0, 3.18.0, 3.17.1, 3.17.0, 3.16.1, 3.16.0, 3.15.0, 3.14.1, 3.14.0, 3.13.1, 3.13.0, 3.12.2, 3.12.1, 3.12.0, 3.11.1, 3.11.0, 3.10.2, 3.10.1, 3.10.0, 3.9.1, 3.9.0, 3.8.1, 3.8.0, 3.7.1, 3.7.0, 3.6.1, 3.6.0, 3.5.0, 3.4.0, 3.3.1, 3.3.0, 3.2.2, 3.2.1, 3.2.0, 3.1.1, 3.1.0, 3.0.1, 3.0.0, 2.13.1, 2.13.0, 2.12.0, 2.11.1, 2.11.0, 2.10.2, 2.10.1, 2.10.0, 2.9.0, 2.8.0, 2.7.0, 2.6.0, 2.5.3, 2.5.2, 2.5.1, 2.5.0, 2.4.0, 2.3.0, 2.2.0, 2.1.0, 2.0.0, 2.0.0-rc.1, 2.0.0-rc.0, 2.0.0-beta.3, 2.0.0-beta.2, 2.0.0-beta.1, 2.0.0-alpha-2, 2.0.0-alpha-1, 1.10.3, 1.10.2, 1.10.1, 1.10.0, 1.9.0, 1.8.0, 1.7.3, 1.7.2, 1.7.1, 1.7.0, 1.6.0, 1.5.1, 1.5.0, 1.4.3, 1.4.2, 1.4.1, 1.4.0, 1.3.1, 1.3.0, 1.2.1, 1.2.0, 1.1.0, 1.0.0, 1.0.0-rc-3, 1.0.0-rc-2, 1.0.0-rc-1, 0.24.1, 0.24.0, 0.23.0, 0.22.1, 0.22.0, 0.21.2, 0.21.1, 0.21.0, 0.20.0, 0.19.0, 0.18.0, 0.17.1, 0.17.0, 0.16.2, 0.16.1, 0.16.0, 0.15.1, 0.15.0, 0.14.1, 0.14.0, 0.13.0, 0.12.0, 0.11.0, 0.11.0-alpha.0, 0.10.2, 0.10.1, 0.10.0, 0.10.0-alpha.2, 0.10.0-alpha.1, 0.10.0-alpha, 0.9.2, 0.9.1, 0.9.0, 0.8.2, 0.8.1, 0.8.0, 0.7.4, 0.7.3, 0.7.2, 0.7.1, 0.6.2, 0.6.1, 0.6.0, 0.5.1, 0.5.0, 0.4.5, 0.4.4, 0.4.3, 0.4.2, 0.4.1, 0.4.0, 0.3.0, 0.2.0, 0.1.4, 0.1.3, 0.1.2, 0.1.1, 0.1.0, 0.1.0-dev, 0.0.7, 0.0.6, 0.0.5, 0.0.4
75 silly fetchPackageMetaData
75 silly fetchPackageMetaData     at pickVersionFromRegistryDocument (/usr/local/lib/node_modules/npm/lib/fetch-package-metadata.js:178:16)
75 silly fetchPackageMetaData     at /usr/local/lib/node_modules/npm/node_modules/iferr/index.js:13:50
75 silly fetchPackageMetaData     at /usr/local/lib/node_modules/npm/lib/utils/pulse-till-done.js:20:8
75 silly fetchPackageMetaData     at saved (/usr/local/lib/node_modules/npm/lib/cache/caching-client.js:174:7)
75 silly fetchPackageMetaData     at /usr/local/lib/node_modules/npm/node_modules/graceful-fs/polyfills.js:241:18
75 silly fetchPackageMetaData     at FSReqWrap.oncomplete (fs.js:123:15)
75 silly fetchPackageMetaData  error for eslint@^3.19.# { Error: No compatible version found: eslint@^3.19.#
75 silly fetchPackageMetaData Valid install targets:
75 silly fetchPackageMetaData 4.0.0-beta.0, 4.0.0-alpha.2, 4.0.0-alpha.1, 4.0.0-alpha.0, 3.19.0, 3.18.0, 3.17.1, 3.17.0, 3.16.1, 3.16.0, 3.15.0, 3.14.1, 3.14.0, 3.13.1, 3.13.0, 3.12.2, 3.12.1, 3.12.0, 3.11.1, 3.11.0, 3.10.2, 3.10.1, 3.10.0, 3.9.1, 3.9.0, 3.8.1, 3.8.0, 3.7.1, 3.7.0, 3.6.1, 3.6.0, 3.5.0, 3.4.0, 3.3.1, 3.3.0, 3.2.2, 3.2.1, 3.2.0, 3.1.1, 3.1.0, 3.0.1, 3.0.0, 2.13.1, 2.13.0, 2.12.0, 2.11.1, 2.11.0, 2.10.2, 2.10.1, 2.10.0, 2.9.0, 2.8.0, 2.7.0, 2.6.0, 2.5.3, 2.5.2, 2.5.1, 2.5.0, 2.4.0, 2.3.0, 2.2.0, 2.1.0, 2.0.0, 2.0.0-rc.1, 2.0.0-rc.0, 2.0.0-beta.3, 2.0.0-beta.2, 2.0.0-beta.1, 2.0.0-alpha-2, 2.0.0-alpha-1, 1.10.3, 1.10.2, 1.10.1, 1.10.0, 1.9.0, 1.8.0, 1.7.3, 1.7.2, 1.7.1, 1.7.0, 1.6.0, 1.5.1, 1.5.0, 1.4.3, 1.4.2, 1.4.1, 1.4.0, 1.3.1, 1.3.0, 1.2.1, 1.2.0, 1.1.0, 1.0.0, 1.0.0-rc-3, 1.0.0-rc-2, 1.0.0-rc-1, 0.24.1, 0.24.0, 0.23.0, 0.22.1, 0.22.0, 0.21.2, 0.21.1, 0.21.0, 0.20.0, 0.19.0, 0.18.0, 0.17.1, 0.17.0, 0.16.2, 0.16.1, 0.16.0, 0.15.1, 0.15.0, 0.14.1, 0.14.0, 0.13.0, 0.12.0, 0.11.0, 0.11.0-alpha.0, 0.10.2, 0.10.1, 0.10.0, 0.10.0-alpha.2, 0.10.0-alpha.1, 0.10.0-alpha, 0.9.2, 0.9.1, 0.9.0, 0.8.2, 0.8.1, 0.8.0, 0.7.4, 0.7.3, 0.7.2, 0.7.1, 0.6.2, 0.6.1, 0.6.0, 0.5.1, 0.5.0, 0.4.5, 0.4.4, 0.4.3, 0.4.2, 0.4.1, 0.4.0, 0.3.0, 0.2.0, 0.1.4, 0.1.3, 0.1.2, 0.1.1, 0.1.0, 0.1.0-dev, 0.0.7, 0.0.6, 0.0.5, 0.0.4
75 silly fetchPackageMetaData
75 silly fetchPackageMetaData     at pickVersionFromRegistryDocument (/usr/local/lib/node_modules/npm/lib/fetch-package-metadata.js:178:16)
75 silly fetchPackageMetaData     at /usr/local/lib/node_modules/npm/node_modules/iferr/index.js:13:50
75 silly fetchPackageMetaData     at /usr/local/lib/node_modules/npm/lib/utils/pulse-till-done.js:20:8
75 silly fetchPackageMetaData     at saved (/usr/local/lib/node_modules/npm/lib/cache/caching-client.js:174:7)
75 silly fetchPackageMetaData     at /usr/local/lib/node_modules/npm/node_modules/graceful-fs/polyfills.js:241:18
75 silly fetchPackageMetaData     at FSReqWrap.oncomplete (fs.js:123:15) code: 'ETARGET' }
76 silly rollbackFailedOptional Starting
77 silly rollbackFailedOptional Finishing
78 silly runTopLevelLifecycles Finishing
79 silly install printInstalled
80 verbose stack Error: No compatible version found: eslint@^3.19.#
80 verbose stack Valid install targets:
80 verbose stack 4.0.0-beta.0, 4.0.0-alpha.2, 4.0.0-alpha.1, 4.0.0-alpha.0, 3.19.0, 3.18.0, 3.17.1, 3.17.0, 3.16.1, 3.16.0, 3.15.0, 3.14.1, 3.14.0, 3.13.1, 3.13.0, 3.12.2, 3.12.1, 3.12.0, 3.11.1, 3.11.0, 3.10.2, 3.10.1, 3.10.0, 3.9.1, 3.9.0, 3.8.1, 3.8.0, 3.7.1, 3.7.0, 3.6.1, 3.6.0, 3.5.0, 3.4.0, 3.3.1, 3.3.0, 3.2.2, 3.2.1, 3.2.0, 3.1.1, 3.1.0, 3.0.1, 3.0.0, 2.13.1, 2.13.0, 2.12.0, 2.11.1, 2.11.0, 2.10.2, 2.10.1, 2.10.0, 2.9.0, 2.8.0, 2.7.0, 2.6.0, 2.5.3, 2.5.2, 2.5.1, 2.5.0, 2.4.0, 2.3.0, 2.2.0, 2.1.0, 2.0.0, 2.0.0-rc.1, 2.0.0-rc.0, 2.0.0-beta.3, 2.0.0-beta.2, 2.0.0-beta.1, 2.0.0-alpha-2, 2.0.0-alpha-1, 1.10.3, 1.10.2, 1.10.1, 1.10.0, 1.9.0, 1.8.0, 1.7.3, 1.7.2, 1.7.1, 1.7.0, 1.6.0, 1.5.1, 1.5.0, 1.4.3, 1.4.2, 1.4.1, 1.4.0, 1.3.1, 1.3.0, 1.2.1, 1.2.0, 1.1.0, 1.0.0, 1.0.0-rc-3, 1.0.0-rc-2, 1.0.0-rc-1, 0.24.1, 0.24.0, 0.23.0, 0.22.1, 0.22.0, 0.21.2, 0.21.1, 0.21.0, 0.20.0, 0.19.0, 0.18.0, 0.17.1, 0.17.0, 0.16.2, 0.16.1, 0.16.0, 0.15.1, 0.15.0, 0.14.1, 0.14.0, 0.13.0, 0.12.0, 0.11.0, 0.11.0-alpha.0, 0.10.2, 0.10.1, 0.10.0, 0.10.0-alpha.2, 0.10.0-alpha.1, 0.10.0-alpha, 0.9.2, 0.9.1, 0.9.0, 0.8.2, 0.8.1, 0.8.0, 0.7.4, 0.7.3, 0.7.2, 0.7.1, 0.6.2, 0.6.1, 0.6.0, 0.5.1, 0.5.0, 0.4.5, 0.4.4, 0.4.3, 0.4.2, 0.4.1, 0.4.0, 0.3.0, 0.2.0, 0.1.4, 0.1.3, 0.1.2, 0.1.1, 0.1.0, 0.1.0-dev, 0.0.7, 0.0.6, 0.0.5, 0.0.4
80 verbose stack
80 verbose stack     at pickVersionFromRegistryDocument (/usr/local/lib/node_modules/npm/lib/fetch-package-metadata.js:178:16)
80 verbose stack     at /usr/local/lib/node_modules/npm/node_modules/iferr/index.js:13:50
80 verbose stack     at /usr/local/lib/node_modules/npm/lib/utils/pulse-till-done.js:20:8
80 verbose stack     at saved (/usr/local/lib/node_modules/npm/lib/cache/caching-client.js:174:7)
80 verbose stack     at /usr/local/lib/node_modules/npm/node_modules/graceful-fs/polyfills.js:241:18
80 verbose stack     at FSReqWrap.oncomplete (fs.js:123:15)
81 verbose cwd /Users/robinhamill/Dropbox/Sites/rails/bellwoods
82 error Darwin 15.6.0
83 error argv "/usr/local/bin/node" "/usr/local/bin/npm" "install" "-g" "eslint-config-airbnb-base" "eslint@^3.19.#" "eslint-plugin-import@^2.2.0"
84 error node v6.9.4
85 error npm  v3.10.10
86 error code ETARGET
87 error notarget No compatible version found: eslint@^3.19.#
87 error notarget Valid install targets:
87 error notarget 4.0.0-beta.0, 4.0.0-alpha.2, 4.0.0-alpha.1, 4.0.0-alpha.0, 3.19.0, 3.18.0, 3.17.1, 3.17.0, 3.16.1, 3.16.0, 3.15.0, 3.14.1, 3.14.0, 3.13.1, 3.13.0, 3.12.2, 3.12.1, 3.12.0, 3.11.1, 3.11.0, 3.10.2, 3.10.1, 3.10.0, 3.9.1, 3.9.0, 3.8.1, 3.8.0, 3.7.1, 3.7.0, 3.6.1, 3.6.0, 3.5.0, 3.4.0, 3.3.1, 3.3.0, 3.2.2, 3.2.1, 3.2.0, 3.1.1, 3.1.0, 3.0.1, 3.0.0, 2.13.1, 2.13.0, 2.12.0, 2.11.1, 2.11.0, 2.10.2, 2.10.1, 2.10.0, 2.9.0, 2.8.0, 2.7.0, 2.6.0, 2.5.3, 2.5.2, 2.5.1, 2.5.0, 2.4.0, 2.3.0, 2.2.0, 2.1.0, 2.0.0, 2.0.0-rc.1, 2.0.0-rc.0, 2.0.0-beta.3, 2.0.0-beta.2, 2.0.0-beta.1, 2.0.0-alpha-2, 2.0.0-alpha-1, 1.10.3, 1.10.2, 1.10.1, 1.10.0, 1.9.0, 1.8.0, 1.7.3, 1.7.2, 1.7.1, 1.7.0, 1.6.0, 1.5.1, 1.5.0, 1.4.3, 1.4.2, 1.4.1, 1.4.0, 1.3.1, 1.3.0, 1.2.1, 1.2.0, 1.1.0, 1.0.0, 1.0.0-rc-3, 1.0.0-rc-2, 1.0.0-rc-1, 0.24.1, 0.24.0, 0.23.0, 0.22.1, 0.22.0, 0.21.2, 0.21.1, 0.21.0, 0.20.0, 0.19.0, 0.18.0, 0.17.1, 0.17.0, 0.16.2, 0.16.1, 0.16.0, 0.15.1, 0.15.0, 0.14.1, 0.14.0, 0.13.0, 0.12.0, 0.11.0, 0.11.0-alpha.0, 0.10.2, 0.10.1, 0.10.0, 0.10.0-alpha.2, 0.10.0-alpha.1, 0.10.0-alpha, 0.9.2, 0.9.1, 0.9.0, 0.8.2, 0.8.1, 0.8.0, 0.7.4, 0.7.3, 0.7.2, 0.7.1, 0.6.2, 0.6.1, 0.6.0, 0.5.1, 0.5.0, 0.4.5, 0.4.4, 0.4.3, 0.4.2, 0.4.1, 0.4.0, 0.3.0, 0.2.0, 0.1.4, 0.1.3, 0.1.2, 0.1.1, 0.1.0, 0.1.0-dev, 0.0.7, 0.0.6, 0.0.5, 0.0.4
88 error notarget This is most likely not a problem with npm itself.
88 error notarget In most cases you or one of your dependencies are requesting
88 error notarget a package version that doesn't exist.
89 verbose exit [ 1, true ]
